
13:57:11.108 [info] Loading 57 CA(s) from :otp store

14:19:01.199 [info] Loading 57 CA(s) from :otp store

14:19:04.256 id=0 [debug] handled request client -> server initialize in 2504ms

14:19:04.350 [debug] sent notification server -> client window/logMessage

14:19:04.536 [debug] sent notification server -> client window/logMessage

14:19:04.536 id=262 [debug] sent request server -> client client/registerCapability

14:19:04.536 [info] [extension] Credo initializing with options %NextLS.InitOpts.Extensions.Credo{enable: true, cli_options: []}

14:19:05.025 [debug] sent notification server -> client window/logMessage

14:19:05.093 id=390 [debug] sent request server -> client window/workDoneProgress/create

14:19:05.245 [debug] sent notification server -> client $/progress

14:19:06.064 [debug] sent notification server -> client window/logMessage

14:19:06.064 [info] Beginning DB migration...

14:19:06.318 [debug] sent notification server -> client window/logMessage

14:19:06.319 [info] Database is being upgraded from version 0 to 5.

This will trigger a full recompilation in order to re-index your codebase.


14:19:06.325 [debug] sent notification server -> client window/logMessage

14:19:06.325 [info] Finished DB migration...

14:19:06.408 [debug] sent notification server -> client window/logMessage

14:19:06.408 [error] LSP Exited.

Last message received: handle_notification %{"jsonrpc" => "2.0", "method" => "initialized", "params" => %{}}

** (MatchError) no match of right hand side value: {:error, {:shutdown, {:failed_to_start_child, NextLS.Runtime, {:badarg, [{NextLS.Runtime, :init, 1, [file: ~c"lib/next_ls/runtime.ex", line: 119, error_info: %{cause: {1, :binary, :type, nil}, function: :format_bs_fail, module: :erl_erts_errors}]}, {:gen_server, :init_it, 2, [file: ~c"gen_server.erl", line: 980]}, {:gen_server, :init_it, 6, [file: ~c"gen_server.erl", line: 935]}, {:proc_lib, :init_p_do_apply, 3, [file: ~c"proc_lib.erl", line: 241]}]}}}}
    (next_ls 0.19.2) lib/next_ls.ex:753: anonymous fn/4 in NextLS.handle_notification/2
    (elixir 1.17.0-dev) lib/enum.ex:2527: Enum."-reduce/3-lists^foldl/2-0-"/3
    (next_ls 0.19.2) lib/next_ls.ex:748: NextLS.handle_notification/2
    (gen_lsp 0.8.1) lib/gen_lsp.ex:341: anonymous fn/2 in GenLSP.loop/3
    (telemetry 1.2.1) /Users/runner/work/next-ls/next-ls/deps/telemetry/src/telemetry.erl:321: :telemetry.span/3
    (gen_lsp 0.8.1) lib/gen_lsp.ex:340: anonymous fn/5 in GenLSP.loop/3
    (gen_lsp 0.8.1) lib/gen_lsp.ex:397: GenLSP.attempt/4
    (stdlib 5.2) proc_lib.erl:241: :proc_lib.init_p_do_apply/3




14:19:06.410 [debug] sent notification server -> client window/logMessage

14:19:06.411 [error] LSP Exited.

Last message received: handle_request %{"id" => 0, "jsonrpc" => "2.0", "method" => "initialize", "params" => %{"capabilities" => %{"general" => %{"markdown" => %{"parser" => "marked", "version" => "1.1.0"}, "positionEncodings" => ["utf-16"], "regularExpressions" => %{"engine" => "ECMAScript", "version" => "ES2020"}, "staleRequestSupport" => %{"cancel" => true, "retryOnContentModified" => ["textDocument/semanticTokens/full", "textDocument/semanticTokens/range", "textDocument/semanticTokens/full/delta"]}}, "notebookDocument" => %{"synchronization" => %{"dynamicRegistration" => true, "executionSummarySupport" => true}}, "textDocument" => %{"callHierarchy" => %{"dynamicRegistration" => true}, "codeAction" => %{"codeActionLiteralSupport" => %{"codeActionKind" => %{"valueSet" => ["", "quickfix", "refactor", "refactor.extract", "refactor.inline", "refactor.rewrite", "source", "source.organizeImports"]}}, "dataSupport" => true, "disabledSupport" => true, "dynamicRegistration" => true, "honorsChangeAnnotations" => true, "isPreferredSupport" => true, "resolveSupport" => %{"properties" => ["edit"]}}, "codeLens" => %{"dynamicRegistration" => true}, "colorProvider" => %{"dynamicRegistration" => true}, "completion" => %{"completionItem" => %{"commitCharactersSupport" => true, "deprecatedSupport" => true, "documentationFormat" => ["markdown", "plaintext"], "insertReplaceSupport" => true, "insertTextModeSupport" => %{"valueSet" => [1, 2]}, "labelDetailsSupport" => true, "preselectSupport" => true, "resolveSupport" => %{"properties" => ["documentation", "detail", "additionalTextEdits"]}, "snippetSupport" => true, "tagSupport" => %{"valueSet" => [1]}}, "completionItemKind" => %{"valueSet" => [1, 2, 3, 4, 5, 6, 7, 8, 9, 10, 11, 12, 13, 14, 15, 16, 17, 18, 19, 20, 21, 22, 23, 24, 25]}, "completionList" => %{"itemDefaults" => ["commitCharacters", "editRange", "insertTextFormat", "insertTextMode", "data"]}, "contextSupport" => true, "dynamicRegistration" => true, "insertTextMode" => 2}, "declaration" => %{"dynamicRegistration" => true, "linkSupport" => true}, "definition" => %{"dynamicRegistration" => true, "linkSupport" => true}, "diagnostic" => %{"dynamicRegistration" => true, "relatedDocumentSupport" => false}, "documentHighlight" => %{"dynamicRegistration" => true}, "documentLink" => %{"dynamicRegistration" => true, "tooltipSupport" => true}, "documentSymbol" => %{"dynamicRegistration" => true, "hierarchicalDocumentSymbolSupport" => true, "labelSupport" => true, "symbolKind" => %{"valueSet" => [1, 2, 3, 4, 5, 6, 7, 8, 9, 10, 11, 12, 13, 14, 15, 16, 17, 18, 19, 20, 21, 22, 23, 24, 25, 26]}, "tagSupport" => %{"valueSet" => [1]}}, "foldingRange" => %{"dynamicRegistration" => true, "foldingRange" => %{"collapsedText" => false}, "foldingRangeKind" => %{"valueSet" => ["comment", "imports", "region"]}, "lineFoldingOnly" => true, "rangeLimit" => 5000}, "formatting" => %{"dynamicRegistration" => true}, "hover" => %{"contentFormat" => ["markdown", "plaintext"], "dynamicRegistration" => true}, "implementation" => %{"dynamicRegistration" => true, "linkSupport" => true}, "inlayHint" => %{"dynamicRegistration" => true, "resolveSupport" => %{"properties" => ["tooltip", "textEdits", "label.tooltip", "label.location", "label.command"]}}, "inlineValue" => %{"dynamicRegistration" => true}, "linkedEditingRange" => %{"dynamicRegistration" => true}, "onTypeFormatting" => %{"dynamicRegistration" => true}, "publishDiagnostics" => %{"codeDescriptionSupport" => true, "dataSupport" => true, "relatedInformation" => true, "tagSupport" => %{"valueSet" => [1, 2]}, "versionSupport" => false}, "rangeFormatting" => %{"dynamicRegistration" => true, "rangesSupport" => true}, "references" => %{"dynamicRegistration" => true}, "rename" => %{"dynamicRegistration" => true, "honorsChangeAnnotations" => true, "prepareSupport" => true, "prepareSupportDefaultBehavior" => 1}, "selectionRange" => %{"dynamicRegistration" => true}, "semanticTokens" => %{"augmentsSyntaxTokens" => true, "dynamicRegistration" => true, "formats" => ["relative"], "multilineTokenSupport" => false, "overlappingTokenSupport" => false, "requests" => %{"full" => %{"delta" => true}, "range" => true}, "serverCancelSupport" => true, "tokenModifiers" => ["declaration", "definition", "readonly", "static", "deprecated", "abstract", "async", "modification", "documentation", ...], "tokenTypes" => ["namespace", "type", "class", "enum", "interface", "struct", "typeParameter", "parameter", ...]}, "signatureHelp" => %{"contextSupport" => true, "dynamicRegistration" => true, "signatureInformation" => %{"activeParameterSupport" => true, "documentationFormat" => ["markdown", "plaintext"], "parameterInformation" => %{"labelOffsetSupport" => true}}}, "synchronization" => %{"didSave" => true, "dynamicRegistration" => true, "willSave" => true, "willSaveWaitUntil" => true}, "typeDefinition" => %{"dynamicRegistration" => true, "linkSupport" => true}, "typeHierarchy" => %{"dynamicRegistration" => true}}, "window" => %{"showDocument" => %{"support" => true}, "showMessage" => %{"messageActionItem" => %{"additionalPropertiesSupport" => true}}, "workDoneProgress" => true}, "workspace" => %{"applyEdit" => true, "codeLens" => %{"refreshSupport" => true}, "configuration" => true, "diagnostics" => %{"refreshSupport" => true}, "didChangeConfiguration" => %{"dynamicRegistration" => true}, "didChangeWatchedFiles" => %{"dynamicRegistration" => true, "relativePatternSupport" => true}, "executeCommand" => %{"dynamicRegistration" => true}, "fileOperations" => %{"didCreate" => true, "didDelete" => true, "didRename" => true, "dynamicRegistration" => true, "willCreate" => true, "willDelete" => true, "willRename" => true}, "foldingRange" => %{"refreshSupport" => true}, "inlayHint" => %{"refreshSupport" => true}, "inlineValue" => %{"refreshSupport" => true}, "semanticTokens" => %{"refreshSupport" => true}, "symbol" => %{"dynamicRegistration" => true, "resolveSupport" => %{"properties" => ["location.range"]}, "symbolKind" => %{"valueSet" => [1, 2, 3, 4, 5, 6, 7, 8, 9, 10, 11, 12, 13, 14, 15, 16, 17, 18, 19, 20, 21, 22, 23, ...]}, "tagSupport" => %{"valueSet" => [1]}}, "workspaceEdit" => %{"changeAnnotationSupport" => %{"groupsOnLabel" => true}, "documentChanges" => true, "failureHandling" => "textOnlyTransactional", "normalizesLineEndings" => true, "resourceOperations" => ["create", "rename", "delete"]}, "workspaceFolders" => true}}, "clientInfo" => %{"name" => "Cursor", "version" => "1.93.1"}, "initializationOptions" => %{"experimental" => %{"completions" => %{"enable" => false}}, "extensions" => %{"credo" => %{"cli_options" => [], "enable" => true}}, "mix_env" => "dev", "mix_target" => "host"}, "locale" => "en", "processId" => 28288, "rootPath" => "c:\\Users\\user\\Desktop\\church_site", "rootUri" => "file:///c%3A/Users/user/Desktop/church_site", "trace" => "off", "workspaceFolders" => [%{"name" => "church_site", "uri" => "file:///c%3A/Users/user/Desktop/church_site"}]}}

** (MatchError) no match of right hand side value: {:error, {:shutdown, {:failed_to_start_child, NextLS.Runtime, {:badarg, [{NextLS.Runtime, :init, 1, [file: ~c"lib/next_ls/runtime.ex", line: 119, error_info: %{cause: {1, :binary, :type, nil}, function: :format_bs_fail, module: :erl_erts_errors}]}, {:gen_server, :init_it, 2, [file: ~c"gen_server.erl", line: 980]}, {:gen_server, :init_it, 6, [file: ~c"gen_server.erl", line: 935]}, {:proc_lib, :init_p_do_apply, 3, [file: ~c"proc_lib.erl", line: 241]}]}}}}
    (next_ls 0.19.2) lib/next_ls.ex:753: anonymous fn/4 in NextLS.handle_notification/2
    (elixir 1.17.0-dev) lib/enum.ex:2527: Enum."-reduce/3-lists^foldl/2-0-"/3
    (next_ls 0.19.2) lib/next_ls.ex:748: NextLS.handle_notification/2
    (gen_lsp 0.8.1) lib/gen_lsp.ex:341: anonymous fn/2 in GenLSP.loop/3
    (telemetry 1.2.1) /Users/runner/work/next-ls/next-ls/deps/telemetry/src/telemetry.erl:321: :telemetry.span/3
    (gen_lsp 0.8.1) lib/gen_lsp.ex:340: anonymous fn/5 in GenLSP.loop/3
    (gen_lsp 0.8.1) lib/gen_lsp.ex:397: GenLSP.attempt/4
    (stdlib 5.2) proc_lib.erl:241: :proc_lib.init_p_ (truncated)

14:19:07.966 [debug] sent notification server -> client window/showMessage

14:19:08.000 [debug] sent notification server -> client window/logMessage

14:19:08.000 [info] Downloaded 0.23.3 of Next LS

16:20:23.996 [error] GenServer NextLS.Buffer terminating
** (Jason.DecodeError) unexpected byte at position 0: 0x43 ("C")
    (jason 1.4.1) lib/jason.ex:92: Jason.decode!/2
    (gen_lsp 0.8.1) lib/gen_lsp/buffer.ex:87: anonymous fn/3 in GenLSP.Buffer.handle_cast/2
    (telemetry 1.2.1) /Users/runner/work/next-ls/next-ls/deps/telemetry/src/telemetry.erl:321: :telemetry.span/3
    (gen_lsp 0.8.1) lib/gen_lsp/buffer.ex:85: GenLSP.Buffer.handle_cast/2
    (stdlib 5.2) gen_server.erl:1121: :gen_server.try_handle_cast/3
    (stdlib 5.2) gen_server.erl:1183: :gen_server.handle_msg/6
    (stdlib 5.2) proc_lib.erl:241: :proc_lib.init_p_do_apply/3
Last message: {:"$gen_cast", {:incoming, "Content-Length: 218\r\n\r\n{\"jsonrpc\":\"2.0\",\"id\":352,\"method\":\"textD"}}
State: %{lsp: #PID<0.271.0>, awaiting_response: %{}, comm_data: nil, comm: GenLSP.Communication.Stdio}

17:08:16.853 [info] Loading 57 CA(s) from :otp store

17:08:19.680 id=0 [debug] handled request client -> server initialize in 2069ms

17:08:19.761 [debug] sent notification server -> client window/logMessage

17:08:19.930 id=9 [debug] sent request server -> client client/registerCapability

17:08:19.930 [debug] sent notification server -> client window/logMessage

17:08:19.930 [info] [extension] Credo initializing with options %NextLS.InitOpts.Extensions.Credo{enable: true, cli_options: []}

17:08:20.322 [debug] sent notification server -> client window/logMessage

17:08:20.385 id=137 [debug] sent request server -> client window/workDoneProgress/create

17:08:20.467 [debug] sent notification server -> client $/progress

17:08:21.149 [debug] sent notification server -> client window/logMessage

17:08:21.149 [info] Beginning DB migration...

17:08:21.299 [debug] sent notification server -> client window/logMessage

17:08:21.313 [info] Database is on the latest version: 5

17:08:21.313 [debug] sent notification server -> client window/logMessage

17:08:21.313 [info] Finished DB migration...

17:08:21.380 [debug] sent notification server -> client window/logMessage

17:08:21.380 [error] LSP Exited.

Last message received: handle_notification %{"jsonrpc" => "2.0", "method" => "initialized", "params" => %{}}

** (MatchError) no match of right hand side value: {:error, {:shutdown, {:failed_to_start_child, NextLS.Runtime, {:badarg, [{NextLS.Runtime, :init, 1, [file: ~c"lib/next_ls/runtime.ex", line: 119, error_info: %{cause: {1, :binary, :type, nil}, function: :format_bs_fail, module: :erl_erts_errors}]}, {:gen_server, :init_it, 2, [file: ~c"gen_server.erl", line: 980]}, {:gen_server, :init_it, 6, [file: ~c"gen_server.erl", line: 935]}, {:proc_lib, :init_p_do_apply, 3, [file: ~c"proc_lib.erl", line: 241]}]}}}}
    (next_ls 0.19.2) lib/next_ls.ex:753: anonymous fn/4 in NextLS.handle_notification/2
    (elixir 1.17.0-dev) lib/enum.ex:2527: Enum."-reduce/3-lists^foldl/2-0-"/3
    (next_ls 0.19.2) lib/next_ls.ex:748: NextLS.handle_notification/2
    (gen_lsp 0.8.1) lib/gen_lsp.ex:341: anonymous fn/2 in GenLSP.loop/3
    (telemetry 1.2.1) /Users/runner/work/next-ls/next-ls/deps/telemetry/src/telemetry.erl:321: :telemetry.span/3
    (gen_lsp 0.8.1) lib/gen_lsp.ex:340: anonymous fn/5 in GenLSP.loop/3
    (gen_lsp 0.8.1) lib/gen_lsp.ex:397: GenLSP.attempt/4
    (stdlib 5.2) proc_lib.erl:241: :proc_lib.init_p_do_apply/3




17:08:21.381 [debug] sent notification server -> client window/logMessage

17:08:21.381 [error] LSP Exited.

Last message received: handle_request %{"id" => 0, "jsonrpc" => "2.0", "method" => "initialize", "params" => %{"capabilities" => %{"general" => %{"markdown" => %{"parser" => "marked", "version" => "1.1.0"}, "positionEncodings" => ["utf-16"], "regularExpressions" => %{"engine" => "ECMAScript", "version" => "ES2020"}, "staleRequestSupport" => %{"cancel" => true, "retryOnContentModified" => ["textDocument/semanticTokens/full", "textDocument/semanticTokens/range", "textDocument/semanticTokens/full/delta"]}}, "notebookDocument" => %{"synchronization" => %{"dynamicRegistration" => true, "executionSummarySupport" => true}}, "textDocument" => %{"callHierarchy" => %{"dynamicRegistration" => true}, "codeAction" => %{"codeActionLiteralSupport" => %{"codeActionKind" => %{"valueSet" => ["", "quickfix", "refactor", "refactor.extract", "refactor.inline", "refactor.rewrite", "source", "source.organizeImports"]}}, "dataSupport" => true, "disabledSupport" => true, "dynamicRegistration" => true, "honorsChangeAnnotations" => true, "isPreferredSupport" => true, "resolveSupport" => %{"properties" => ["edit"]}}, "codeLens" => %{"dynamicRegistration" => true}, "colorProvider" => %{"dynamicRegistration" => true}, "completion" => %{"completionItem" => %{"commitCharactersSupport" => true, "deprecatedSupport" => true, "documentationFormat" => ["markdown", "plaintext"], "insertReplaceSupport" => true, "insertTextModeSupport" => %{"valueSet" => [1, 2]}, "labelDetailsSupport" => true, "preselectSupport" => true, "resolveSupport" => %{"properties" => ["documentation", "detail", "additionalTextEdits"]}, "snippetSupport" => true, "tagSupport" => %{"valueSet" => [1]}}, "completionItemKind" => %{"valueSet" => [1, 2, 3, 4, 5, 6, 7, 8, 9, 10, 11, 12, 13, 14, 15, 16, 17, 18, 19, 20, 21, 22, 23, 24, 25]}, "completionList" => %{"itemDefaults" => ["commitCharacters", "editRange", "insertTextFormat", "insertTextMode", "data"]}, "contextSupport" => true, "dynamicRegistration" => true, "insertTextMode" => 2}, "declaration" => %{"dynamicRegistration" => true, "linkSupport" => true}, "definition" => %{"dynamicRegistration" => true, "linkSupport" => true}, "diagnostic" => %{"dynamicRegistration" => true, "relatedDocumentSupport" => false}, "documentHighlight" => %{"dynamicRegistration" => true}, "documentLink" => %{"dynamicRegistration" => true, "tooltipSupport" => true}, "documentSymbol" => %{"dynamicRegistration" => true, "hierarchicalDocumentSymbolSupport" => true, "labelSupport" => true, "symbolKind" => %{"valueSet" => [1, 2, 3, 4, 5, 6, 7, 8, 9, 10, 11, 12, 13, 14, 15, 16, 17, 18, 19, 20, 21, 22, 23, 24, 25, 26]}, "tagSupport" => %{"valueSet" => [1]}}, "foldingRange" => %{"dynamicRegistration" => true, "foldingRange" => %{"collapsedText" => false}, "foldingRangeKind" => %{"valueSet" => ["comment", "imports", "region"]}, "lineFoldingOnly" => true, "rangeLimit" => 5000}, "formatting" => %{"dynamicRegistration" => true}, "hover" => %{"contentFormat" => ["markdown", "plaintext"], "dynamicRegistration" => true}, "implementation" => %{"dynamicRegistration" => true, "linkSupport" => true}, "inlayHint" => %{"dynamicRegistration" => true, "resolveSupport" => %{"properties" => ["tooltip", "textEdits", "label.tooltip", "label.location", "label.command"]}}, "inlineValue" => %{"dynamicRegistration" => true}, "linkedEditingRange" => %{"dynamicRegistration" => true}, "onTypeFormatting" => %{"dynamicRegistration" => true}, "publishDiagnostics" => %{"codeDescriptionSupport" => true, "dataSupport" => true, "relatedInformation" => true, "tagSupport" => %{"valueSet" => [1, 2]}, "versionSupport" => false}, "rangeFormatting" => %{"dynamicRegistration" => true, "rangesSupport" => true}, "references" => %{"dynamicRegistration" => true}, "rename" => %{"dynamicRegistration" => true, "honorsChangeAnnotations" => true, "prepareSupport" => true, "prepareSupportDefaultBehavior" => 1}, "selectionRange" => %{"dynamicRegistration" => true}, "semanticTokens" => %{"augmentsSyntaxTokens" => true, "dynamicRegistration" => true, "formats" => ["relative"], "multilineTokenSupport" => false, "overlappingTokenSupport" => false, "requests" => %{"full" => %{"delta" => true}, "range" => true}, "serverCancelSupport" => true, "tokenModifiers" => ["declaration", "definition", "readonly", "static", "deprecated", "abstract", "async", "modification", "documentation", ...], "tokenTypes" => ["namespace", "type", "class", "enum", "interface", "struct", "typeParameter", "parameter", ...]}, "signatureHelp" => %{"contextSupport" => true, "dynamicRegistration" => true, "signatureInformation" => %{"activeParameterSupport" => true, "documentationFormat" => ["markdown", "plaintext"], "parameterInformation" => %{"labelOffsetSupport" => true}}}, "synchronization" => %{"didSave" => true, "dynamicRegistration" => true, "willSave" => true, "willSaveWaitUntil" => true}, "typeDefinition" => %{"dynamicRegistration" => true, "linkSupport" => true}, "typeHierarchy" => %{"dynamicRegistration" => true}}, "window" => %{"showDocument" => %{"support" => true}, "showMessage" => %{"messageActionItem" => %{"additionalPropertiesSupport" => true}}, "workDoneProgress" => true}, "workspace" => %{"applyEdit" => true, "codeLens" => %{"refreshSupport" => true}, "configuration" => true, "diagnostics" => %{"refreshSupport" => true}, "didChangeConfiguration" => %{"dynamicRegistration" => true}, "didChangeWatchedFiles" => %{"dynamicRegistration" => true, "relativePatternSupport" => true}, "executeCommand" => %{"dynamicRegistration" => true}, "fileOperations" => %{"didCreate" => true, "didDelete" => true, "didRename" => true, "dynamicRegistration" => true, "willCreate" => true, "willDelete" => true, "willRename" => true}, "foldingRange" => %{"refreshSupport" => true}, "inlayHint" => %{"refreshSupport" => true}, "inlineValue" => %{"refreshSupport" => true}, "semanticTokens" => %{"refreshSupport" => true}, "symbol" => %{"dynamicRegistration" => true, "resolveSupport" => %{"properties" => ["location.range"]}, "symbolKind" => %{"valueSet" => [1, 2, 3, 4, 5, 6, 7, 8, 9, 10, 11, 12, 13, 14, 15, 16, 17, 18, 19, 20, 21, 22, 23, ...]}, "tagSupport" => %{"valueSet" => [1]}}, "workspaceEdit" => %{"changeAnnotationSupport" => %{"groupsOnLabel" => true}, "documentChanges" => true, "failureHandling" => "textOnlyTransactional", "normalizesLineEndings" => true, "resourceOperations" => ["create", "rename", "delete"]}, "workspaceFolders" => true}}, "clientInfo" => %{"name" => "Cursor", "version" => "1.96.2"}, "initializationOptions" => %{"experimental" => %{"completions" => %{"enable" => false}}, "extensions" => %{"credo" => %{"cli_options" => [], "enable" => true}}, "mix_env" => "dev", "mix_target" => "host"}, "locale" => "en", "processId" => 23444, "rootPath" => "c:\\Users\\user\\Desktop\\church_site", "rootUri" => "file:///c%3A/Users/user/Desktop/church_site", "trace" => "off", "workspaceFolders" => [%{"name" => "church_site", "uri" => "file:///c%3A/Users/user/Desktop/church_site"}]}}

** (MatchError) no match of right hand side value: {:error, {:shutdown, {:failed_to_start_child, NextLS.Runtime, {:badarg, [{NextLS.Runtime, :init, 1, [file: ~c"lib/next_ls/runtime.ex", line: 119, error_info: %{cause: {1, :binary, :type, nil}, function: :format_bs_fail, module: :erl_erts_errors}]}, {:gen_server, :init_it, 2, [file: ~c"gen_server.erl", line: 980]}, {:gen_server, :init_it, 6, [file: ~c"gen_server.erl", line: 935]}, {:proc_lib, :init_p_do_apply, 3, [file: ~c"proc_lib.erl", line: 241]}]}}}}
    (next_ls 0.19.2) lib/next_ls.ex:753: anonymous fn/4 in NextLS.handle_notification/2
    (elixir 1.17.0-dev) lib/enum.ex:2527: Enum."-reduce/3-lists^foldl/2-0-"/3
    (next_ls 0.19.2) lib/next_ls.ex:748: NextLS.handle_notification/2
    (gen_lsp 0.8.1) lib/gen_lsp.ex:341: anonymous fn/2 in GenLSP.loop/3
    (telemetry 1.2.1) /Users/runner/work/next-ls/next-ls/deps/telemetry/src/telemetry.erl:321: :telemetry.span/3
    (gen_lsp 0.8.1) lib/gen_lsp.ex:340: anonymous fn/5 in GenLSP.loop/3
    (gen_lsp 0.8.1) lib/gen_lsp.ex:397: GenLSP.attempt/4
    (stdlib 5.2) proc_lib.erl:241: :proc_lib.init_p_ (truncated)

17:08:22.598 [debug] sent notification server -> client window/showMessage

17:08:22.632 [debug] sent notification server -> client window/logMessage

17:08:22.632 [info] Downloaded 0.23.3 of Next LS

17:09:13.425 [info] Loading 57 CA(s) from :otp store

17:09:14.192 id=0 [debug] handled request client -> server initialize in 416ms

17:09:14.319 [debug] sent notification server -> client window/logMessage

17:09:14.350 id=134 [debug] sent request server -> client client/registerCapability

17:09:14.350 [debug] sent notification server -> client window/logMessage

17:09:14.350 [info] [extension] Credo initializing with options %NextLS.InitOpts.Extensions.Credo{enable: true, cli_options: []}

17:09:14.428 [debug] sent notification server -> client window/logMessage

17:09:14.443 id=5 [debug] sent request server -> client window/workDoneProgress/create

17:09:14.458 [debug] sent notification server -> client $/progress

17:09:14.537 [debug] sent notification server -> client window/logMessage

17:09:14.537 [info] Beginning DB migration...

17:09:14.585 [debug] sent notification server -> client window/logMessage

17:09:14.585 [info] Database is on the latest version: 5

17:09:14.585 [debug] sent notification server -> client window/logMessage

17:09:14.585 [info] Finished DB migration...

17:09:14.600 [debug] sent notification server -> client window/logMessage

17:09:14.600 [error] LSP Exited.

Last message received: handle_notification %{"jsonrpc" => "2.0", "method" => "initialized", "params" => %{}}

** (MatchError) no match of right hand side value: {:error, {:shutdown, {:failed_to_start_child, NextLS.Runtime, {:badarg, [{NextLS.Runtime, :init, 1, [file: ~c"lib/next_ls/runtime.ex", line: 119, error_info: %{cause: {1, :binary, :type, nil}, function: :format_bs_fail, module: :erl_erts_errors}]}, {:gen_server, :init_it, 2, [file: ~c"gen_server.erl", line: 980]}, {:gen_server, :init_it, 6, [file: ~c"gen_server.erl", line: 935]}, {:proc_lib, :init_p_do_apply, 3, [file: ~c"proc_lib.erl", line: 241]}]}}}}
    (next_ls 0.19.2) lib/next_ls.ex:753: anonymous fn/4 in NextLS.handle_notification/2
    (elixir 1.17.0-dev) lib/enum.ex:2527: Enum."-reduce/3-lists^foldl/2-0-"/3
    (next_ls 0.19.2) lib/next_ls.ex:748: NextLS.handle_notification/2
    (gen_lsp 0.8.1) lib/gen_lsp.ex:341: anonymous fn/2 in GenLSP.loop/3
    (telemetry 1.2.1) /Users/runner/work/next-ls/next-ls/deps/telemetry/src/telemetry.erl:321: :telemetry.span/3
    (gen_lsp 0.8.1) lib/gen_lsp.ex:340: anonymous fn/5 in GenLSP.loop/3
    (gen_lsp 0.8.1) lib/gen_lsp.ex:397: GenLSP.attempt/4
    (stdlib 5.2) proc_lib.erl:241: :proc_lib.init_p_do_apply/3




17:09:14.600 [debug] sent notification server -> client window/logMessage

17:09:14.600 [error] LSP Exited.

Last message received: handle_request %{"id" => 0, "jsonrpc" => "2.0", "method" => "initialize", "params" => %{"capabilities" => %{"general" => %{"markdown" => %{"parser" => "marked", "version" => "1.1.0"}, "positionEncodings" => ["utf-16"], "regularExpressions" => %{"engine" => "ECMAScript", "version" => "ES2020"}, "staleRequestSupport" => %{"cancel" => true, "retryOnContentModified" => ["textDocument/semanticTokens/full", "textDocument/semanticTokens/range", "textDocument/semanticTokens/full/delta"]}}, "notebookDocument" => %{"synchronization" => %{"dynamicRegistration" => true, "executionSummarySupport" => true}}, "textDocument" => %{"callHierarchy" => %{"dynamicRegistration" => true}, "codeAction" => %{"codeActionLiteralSupport" => %{"codeActionKind" => %{"valueSet" => ["", "quickfix", "refactor", "refactor.extract", "refactor.inline", "refactor.rewrite", "source", "source.organizeImports"]}}, "dataSupport" => true, "disabledSupport" => true, "dynamicRegistration" => true, "honorsChangeAnnotations" => true, "isPreferredSupport" => true, "resolveSupport" => %{"properties" => ["edit"]}}, "codeLens" => %{"dynamicRegistration" => true}, "colorProvider" => %{"dynamicRegistration" => true}, "completion" => %{"completionItem" => %{"commitCharactersSupport" => true, "deprecatedSupport" => true, "documentationFormat" => ["markdown", "plaintext"], "insertReplaceSupport" => true, "insertTextModeSupport" => %{"valueSet" => [1, 2]}, "labelDetailsSupport" => true, "preselectSupport" => true, "resolveSupport" => %{"properties" => ["documentation", "detail", "additionalTextEdits"]}, "snippetSupport" => true, "tagSupport" => %{"valueSet" => [1]}}, "completionItemKind" => %{"valueSet" => [1, 2, 3, 4, 5, 6, 7, 8, 9, 10, 11, 12, 13, 14, 15, 16, 17, 18, 19, 20, 21, 22, 23, 24, 25]}, "completionList" => %{"itemDefaults" => ["commitCharacters", "editRange", "insertTextFormat", "insertTextMode", "data"]}, "contextSupport" => true, "dynamicRegistration" => true, "insertTextMode" => 2}, "declaration" => %{"dynamicRegistration" => true, "linkSupport" => true}, "definition" => %{"dynamicRegistration" => true, "linkSupport" => true}, "diagnostic" => %{"dynamicRegistration" => true, "relatedDocumentSupport" => false}, "documentHighlight" => %{"dynamicRegistration" => true}, "documentLink" => %{"dynamicRegistration" => true, "tooltipSupport" => true}, "documentSymbol" => %{"dynamicRegistration" => true, "hierarchicalDocumentSymbolSupport" => true, "labelSupport" => true, "symbolKind" => %{"valueSet" => [1, 2, 3, 4, 5, 6, 7, 8, 9, 10, 11, 12, 13, 14, 15, 16, 17, 18, 19, 20, 21, 22, 23, 24, 25, 26]}, "tagSupport" => %{"valueSet" => [1]}}, "foldingRange" => %{"dynamicRegistration" => true, "foldingRange" => %{"collapsedText" => false}, "foldingRangeKind" => %{"valueSet" => ["comment", "imports", "region"]}, "lineFoldingOnly" => true, "rangeLimit" => 5000}, "formatting" => %{"dynamicRegistration" => true}, "hover" => %{"contentFormat" => ["markdown", "plaintext"], "dynamicRegistration" => true}, "implementation" => %{"dynamicRegistration" => true, "linkSupport" => true}, "inlayHint" => %{"dynamicRegistration" => true, "resolveSupport" => %{"properties" => ["tooltip", "textEdits", "label.tooltip", "label.location", "label.command"]}}, "inlineValue" => %{"dynamicRegistration" => true}, "linkedEditingRange" => %{"dynamicRegistration" => true}, "onTypeFormatting" => %{"dynamicRegistration" => true}, "publishDiagnostics" => %{"codeDescriptionSupport" => true, "dataSupport" => true, "relatedInformation" => true, "tagSupport" => %{"valueSet" => [1, 2]}, "versionSupport" => false}, "rangeFormatting" => %{"dynamicRegistration" => true, "rangesSupport" => true}, "references" => %{"dynamicRegistration" => true}, "rename" => %{"dynamicRegistration" => true, "honorsChangeAnnotations" => true, "prepareSupport" => true, "prepareSupportDefaultBehavior" => 1}, "selectionRange" => %{"dynamicRegistration" => true}, "semanticTokens" => %{"augmentsSyntaxTokens" => true, "dynamicRegistration" => true, "formats" => ["relative"], "multilineTokenSupport" => false, "overlappingTokenSupport" => false, "requests" => %{"full" => %{"delta" => true}, "range" => true}, "serverCancelSupport" => true, "tokenModifiers" => ["declaration", "definition", "readonly", "static", "deprecated", "abstract", "async", "modification", "documentation", ...], "tokenTypes" => ["namespace", "type", "class", "enum", "interface", "struct", "typeParameter", "parameter", ...]}, "signatureHelp" => %{"contextSupport" => true, "dynamicRegistration" => true, "signatureInformation" => %{"activeParameterSupport" => true, "documentationFormat" => ["markdown", "plaintext"], "parameterInformation" => %{"labelOffsetSupport" => true}}}, "synchronization" => %{"didSave" => true, "dynamicRegistration" => true, "willSave" => true, "willSaveWaitUntil" => true}, "typeDefinition" => %{"dynamicRegistration" => true, "linkSupport" => true}, "typeHierarchy" => %{"dynamicRegistration" => true}}, "window" => %{"showDocument" => %{"support" => true}, "showMessage" => %{"messageActionItem" => %{"additionalPropertiesSupport" => true}}, "workDoneProgress" => true}, "workspace" => %{"applyEdit" => true, "codeLens" => %{"refreshSupport" => true}, "configuration" => true, "diagnostics" => %{"refreshSupport" => true}, "didChangeConfiguration" => %{"dynamicRegistration" => true}, "didChangeWatchedFiles" => %{"dynamicRegistration" => true, "relativePatternSupport" => true}, "executeCommand" => %{"dynamicRegistration" => true}, "fileOperations" => %{"didCreate" => true, "didDelete" => true, "didRename" => true, "dynamicRegistration" => true, "willCreate" => true, "willDelete" => true, "willRename" => true}, "foldingRange" => %{"refreshSupport" => true}, "inlayHint" => %{"refreshSupport" => true}, "inlineValue" => %{"refreshSupport" => true}, "semanticTokens" => %{"refreshSupport" => true}, "symbol" => %{"dynamicRegistration" => true, "resolveSupport" => %{"properties" => ["location.range"]}, "symbolKind" => %{"valueSet" => [1, 2, 3, 4, 5, 6, 7, 8, 9, 10, 11, 12, 13, 14, 15, 16, 17, 18, 19, 20, 21, 22, 23, ...]}, "tagSupport" => %{"valueSet" => [1]}}, "workspaceEdit" => %{"changeAnnotationSupport" => %{"groupsOnLabel" => true}, "documentChanges" => true, "failureHandling" => "textOnlyTransactional", "normalizesLineEndings" => true, "resourceOperations" => ["create", "rename", "delete"]}, "workspaceFolders" => true}}, "clientInfo" => %{"name" => "Cursor", "version" => "1.96.2"}, "initializationOptions" => %{"experimental" => %{"completions" => %{"enable" => false}}, "extensions" => %{"credo" => %{"cli_options" => [], "enable" => true}}, "mix_env" => "dev", "mix_target" => "host"}, "locale" => "en", "processId" => 24808, "rootPath" => "c:\\Users\\user\\Desktop\\church_site", "rootUri" => "file:///c%3A/Users/user/Desktop/church_site", "trace" => "off", "workspaceFolders" => [%{"name" => "church_site", "uri" => "file:///c%3A/Users/user/Desktop/church_site"}]}}

** (MatchError) no match of right hand side value: {:error, {:shutdown, {:failed_to_start_child, NextLS.Runtime, {:badarg, [{NextLS.Runtime, :init, 1, [file: ~c"lib/next_ls/runtime.ex", line: 119, error_info: %{cause: {1, :binary, :type, nil}, function: :format_bs_fail, module: :erl_erts_errors}]}, {:gen_server, :init_it, 2, [file: ~c"gen_server.erl", line: 980]}, {:gen_server, :init_it, 6, [file: ~c"gen_server.erl", line: 935]}, {:proc_lib, :init_p_do_apply, 3, [file: ~c"proc_lib.erl", line: 241]}]}}}}
    (next_ls 0.19.2) lib/next_ls.ex:753: anonymous fn/4 in NextLS.handle_notification/2
    (elixir 1.17.0-dev) lib/enum.ex:2527: Enum."-reduce/3-lists^foldl/2-0-"/3
    (next_ls 0.19.2) lib/next_ls.ex:748: NextLS.handle_notification/2
    (gen_lsp 0.8.1) lib/gen_lsp.ex:341: anonymous fn/2 in GenLSP.loop/3
    (telemetry 1.2.1) /Users/runner/work/next-ls/next-ls/deps/telemetry/src/telemetry.erl:321: :telemetry.span/3
    (gen_lsp 0.8.1) lib/gen_lsp.ex:340: anonymous fn/5 in GenLSP.loop/3
    (gen_lsp 0.8.1) lib/gen_lsp.ex:397: GenLSP.attempt/4
    (stdlib 5.2) proc_lib.erl:241: :proc_lib.init_p_ (truncated)

17:09:16.055 [debug] sent notification server -> client window/showMessage

17:09:16.055 [debug] sent notification server -> client window/logMessage

17:09:16.055 [info] Downloaded 0.23.3 of Next LS

14:38:29.504 [info] Loading 57 CA(s) from :otp store

14:38:32.858 id=0 [debug] handled request client -> server initialize in 2499ms

14:38:32.942 [debug] sent notification server -> client window/logMessage

14:38:33.100 [debug] sent notification server -> client window/logMessage

14:38:33.102 id=71 [debug] sent request server -> client client/registerCapability

14:38:33.102 [info] [extension] Credo initializing with options %NextLS.InitOpts.Extensions.Credo{enable: true, cli_options: []}

14:38:33.417 [debug] sent notification server -> client window/logMessage

14:38:33.459 id=135 [debug] sent request server -> client window/workDoneProgress/create

14:38:33.529 [debug] sent notification server -> client $/progress

14:38:34.282 [debug] sent notification server -> client window/logMessage

14:38:34.282 [info] Beginning DB migration...

14:38:34.448 [debug] sent notification server -> client window/logMessage

14:38:34.448 [info] Database is on the latest version: 5

14:38:34.448 [debug] sent notification server -> client window/logMessage

14:38:34.448 [info] Finished DB migration...

14:38:34.512 [debug] sent notification server -> client window/logMessage

14:38:34.512 [error] LSP Exited.

Last message received: handle_notification %{"jsonrpc" => "2.0", "method" => "initialized", "params" => %{}}

** (MatchError) no match of right hand side value: {:error, {:shutdown, {:failed_to_start_child, NextLS.Runtime, {:badarg, [{NextLS.Runtime, :init, 1, [file: ~c"lib/next_ls/runtime.ex", line: 119, error_info: %{cause: {1, :binary, :type, nil}, function: :format_bs_fail, module: :erl_erts_errors}]}, {:gen_server, :init_it, 2, [file: ~c"gen_server.erl", line: 980]}, {:gen_server, :init_it, 6, [file: ~c"gen_server.erl", line: 935]}, {:proc_lib, :init_p_do_apply, 3, [file: ~c"proc_lib.erl", line: 241]}]}}}}
    (next_ls 0.19.2) lib/next_ls.ex:753: anonymous fn/4 in NextLS.handle_notification/2
    (elixir 1.17.0-dev) lib/enum.ex:2527: Enum."-reduce/3-lists^foldl/2-0-"/3
    (next_ls 0.19.2) lib/next_ls.ex:748: NextLS.handle_notification/2
    (gen_lsp 0.8.1) lib/gen_lsp.ex:341: anonymous fn/2 in GenLSP.loop/3
    (telemetry 1.2.1) /Users/runner/work/next-ls/next-ls/deps/telemetry/src/telemetry.erl:321: :telemetry.span/3
    (gen_lsp 0.8.1) lib/gen_lsp.ex:340: anonymous fn/5 in GenLSP.loop/3
    (gen_lsp 0.8.1) lib/gen_lsp.ex:397: GenLSP.attempt/4
    (stdlib 5.2) proc_lib.erl:241: :proc_lib.init_p_do_apply/3




14:38:34.513 [debug] sent notification server -> client window/logMessage

14:38:34.513 [error] LSP Exited.

Last message received: handle_request %{"id" => 0, "jsonrpc" => "2.0", "method" => "initialize", "params" => %{"capabilities" => %{"general" => %{"markdown" => %{"parser" => "marked", "version" => "1.1.0"}, "positionEncodings" => ["utf-16"], "regularExpressions" => %{"engine" => "ECMAScript", "version" => "ES2020"}, "staleRequestSupport" => %{"cancel" => true, "retryOnContentModified" => ["textDocument/semanticTokens/full", "textDocument/semanticTokens/range", "textDocument/semanticTokens/full/delta"]}}, "notebookDocument" => %{"synchronization" => %{"dynamicRegistration" => true, "executionSummarySupport" => true}}, "textDocument" => %{"callHierarchy" => %{"dynamicRegistration" => true}, "codeAction" => %{"codeActionLiteralSupport" => %{"codeActionKind" => %{"valueSet" => ["", "quickfix", "refactor", "refactor.extract", "refactor.inline", "refactor.rewrite", "source", "source.organizeImports"]}}, "dataSupport" => true, "disabledSupport" => true, "dynamicRegistration" => true, "honorsChangeAnnotations" => true, "isPreferredSupport" => true, "resolveSupport" => %{"properties" => ["edit"]}}, "codeLens" => %{"dynamicRegistration" => true}, "colorProvider" => %{"dynamicRegistration" => true}, "completion" => %{"completionItem" => %{"commitCharactersSupport" => true, "deprecatedSupport" => true, "documentationFormat" => ["markdown", "plaintext"], "insertReplaceSupport" => true, "insertTextModeSupport" => %{"valueSet" => [1, 2]}, "labelDetailsSupport" => true, "preselectSupport" => true, "resolveSupport" => %{"properties" => ["documentation", "detail", "additionalTextEdits"]}, "snippetSupport" => true, "tagSupport" => %{"valueSet" => [1]}}, "completionItemKind" => %{"valueSet" => [1, 2, 3, 4, 5, 6, 7, 8, 9, 10, 11, 12, 13, 14, 15, 16, 17, 18, 19, 20, 21, 22, 23, 24, 25]}, "completionList" => %{"itemDefaults" => ["commitCharacters", "editRange", "insertTextFormat", "insertTextMode", "data"]}, "contextSupport" => true, "dynamicRegistration" => true, "insertTextMode" => 2}, "declaration" => %{"dynamicRegistration" => true, "linkSupport" => true}, "definition" => %{"dynamicRegistration" => true, "linkSupport" => true}, "diagnostic" => %{"dynamicRegistration" => true, "relatedDocumentSupport" => false}, "documentHighlight" => %{"dynamicRegistration" => true}, "documentLink" => %{"dynamicRegistration" => true, "tooltipSupport" => true}, "documentSymbol" => %{"dynamicRegistration" => true, "hierarchicalDocumentSymbolSupport" => true, "labelSupport" => true, "symbolKind" => %{"valueSet" => [1, 2, 3, 4, 5, 6, 7, 8, 9, 10, 11, 12, 13, 14, 15, 16, 17, 18, 19, 20, 21, 22, 23, 24, 25, 26]}, "tagSupport" => %{"valueSet" => [1]}}, "foldingRange" => %{"dynamicRegistration" => true, "foldingRange" => %{"collapsedText" => false}, "foldingRangeKind" => %{"valueSet" => ["comment", "imports", "region"]}, "lineFoldingOnly" => true, "rangeLimit" => 5000}, "formatting" => %{"dynamicRegistration" => true}, "hover" => %{"contentFormat" => ["markdown", "plaintext"], "dynamicRegistration" => true}, "implementation" => %{"dynamicRegistration" => true, "linkSupport" => true}, "inlayHint" => %{"dynamicRegistration" => true, "resolveSupport" => %{"properties" => ["tooltip", "textEdits", "label.tooltip", "label.location", "label.command"]}}, "inlineValue" => %{"dynamicRegistration" => true}, "linkedEditingRange" => %{"dynamicRegistration" => true}, "onTypeFormatting" => %{"dynamicRegistration" => true}, "publishDiagnostics" => %{"codeDescriptionSupport" => true, "dataSupport" => true, "relatedInformation" => true, "tagSupport" => %{"valueSet" => [1, 2]}, "versionSupport" => false}, "rangeFormatting" => %{"dynamicRegistration" => true, "rangesSupport" => true}, "references" => %{"dynamicRegistration" => true}, "rename" => %{"dynamicRegistration" => true, "honorsChangeAnnotations" => true, "prepareSupport" => true, "prepareSupportDefaultBehavior" => 1}, "selectionRange" => %{"dynamicRegistration" => true}, "semanticTokens" => %{"augmentsSyntaxTokens" => true, "dynamicRegistration" => true, "formats" => ["relative"], "multilineTokenSupport" => false, "overlappingTokenSupport" => false, "requests" => %{"full" => %{"delta" => true}, "range" => true}, "serverCancelSupport" => true, "tokenModifiers" => ["declaration", "definition", "readonly", "static", "deprecated", "abstract", "async", "modification", "documentation", ...], "tokenTypes" => ["namespace", "type", "class", "enum", "interface", "struct", "typeParameter", "parameter", ...]}, "signatureHelp" => %{"contextSupport" => true, "dynamicRegistration" => true, "signatureInformation" => %{"activeParameterSupport" => true, "documentationFormat" => ["markdown", "plaintext"], "parameterInformation" => %{"labelOffsetSupport" => true}}}, "synchronization" => %{"didSave" => true, "dynamicRegistration" => true, "willSave" => true, "willSaveWaitUntil" => true}, "typeDefinition" => %{"dynamicRegistration" => true, "linkSupport" => true}, "typeHierarchy" => %{"dynamicRegistration" => true}}, "window" => %{"showDocument" => %{"support" => true}, "showMessage" => %{"messageActionItem" => %{"additionalPropertiesSupport" => true}}, "workDoneProgress" => true}, "workspace" => %{"applyEdit" => true, "codeLens" => %{"refreshSupport" => true}, "configuration" => true, "diagnostics" => %{"refreshSupport" => true}, "didChangeConfiguration" => %{"dynamicRegistration" => true}, "didChangeWatchedFiles" => %{"dynamicRegistration" => true, "relativePatternSupport" => true}, "executeCommand" => %{"dynamicRegistration" => true}, "fileOperations" => %{"didCreate" => true, "didDelete" => true, "didRename" => true, "dynamicRegistration" => true, "willCreate" => true, "willDelete" => true, "willRename" => true}, "foldingRange" => %{"refreshSupport" => true}, "inlayHint" => %{"refreshSupport" => true}, "inlineValue" => %{"refreshSupport" => true}, "semanticTokens" => %{"refreshSupport" => true}, "symbol" => %{"dynamicRegistration" => true, "resolveSupport" => %{"properties" => ["location.range"]}, "symbolKind" => %{"valueSet" => [1, 2, 3, 4, 5, 6, 7, 8, 9, 10, 11, 12, 13, 14, 15, 16, 17, 18, 19, 20, 21, 22, 23, ...]}, "tagSupport" => %{"valueSet" => [1]}}, "workspaceEdit" => %{"changeAnnotationSupport" => %{"groupsOnLabel" => true}, "documentChanges" => true, "failureHandling" => "textOnlyTransactional", "normalizesLineEndings" => true, "resourceOperations" => ["create", "rename", "delete"]}, "workspaceFolders" => true}}, "clientInfo" => %{"name" => "Cursor", "version" => "1.93.1"}, "initializationOptions" => %{"experimental" => %{"completions" => %{"enable" => false}}, "extensions" => %{"credo" => %{"cli_options" => [], "enable" => true}}, "mix_env" => "dev", "mix_target" => "host"}, "locale" => "en", "processId" => 20000, "rootPath" => "c:\\Users\\user\\Desktop\\church_site", "rootUri" => "file:///c%3A/Users/user/Desktop/church_site", "trace" => "off", "workspaceFolders" => [%{"name" => "church_site", "uri" => "file:///c%3A/Users/user/Desktop/church_site"}]}}

** (MatchError) no match of right hand side value: {:error, {:shutdown, {:failed_to_start_child, NextLS.Runtime, {:badarg, [{NextLS.Runtime, :init, 1, [file: ~c"lib/next_ls/runtime.ex", line: 119, error_info: %{cause: {1, :binary, :type, nil}, function: :format_bs_fail, module: :erl_erts_errors}]}, {:gen_server, :init_it, 2, [file: ~c"gen_server.erl", line: 980]}, {:gen_server, :init_it, 6, [file: ~c"gen_server.erl", line: 935]}, {:proc_lib, :init_p_do_apply, 3, [file: ~c"proc_lib.erl", line: 241]}]}}}}
    (next_ls 0.19.2) lib/next_ls.ex:753: anonymous fn/4 in NextLS.handle_notification/2
    (elixir 1.17.0-dev) lib/enum.ex:2527: Enum."-reduce/3-lists^foldl/2-0-"/3
    (next_ls 0.19.2) lib/next_ls.ex:748: NextLS.handle_notification/2
    (gen_lsp 0.8.1) lib/gen_lsp.ex:341: anonymous fn/2 in GenLSP.loop/3
    (telemetry 1.2.1) /Users/runner/work/next-ls/next-ls/deps/telemetry/src/telemetry.erl:321: :telemetry.span/3
    (gen_lsp 0.8.1) lib/gen_lsp.ex:340: anonymous fn/5 in GenLSP.loop/3
    (gen_lsp 0.8.1) lib/gen_lsp.ex:397: GenLSP.attempt/4
    (stdlib 5.2) proc_lib.erl:241: :proc_lib.init_p_ (truncated)

14:38:36.063 [debug] sent notification server -> client window/showMessage

14:38:36.099 [debug] sent notification server -> client window/logMessage

14:38:36.099 [info] Downloaded 0.23.3 of Next LS

14:42:52.477 [error] GenServer NextLS.Buffer terminating
** (Jason.DecodeError) unexpected byte at position 0: 0x43 ("C")
    (jason 1.4.1) lib/jason.ex:92: Jason.decode!/2
    (gen_lsp 0.8.1) lib/gen_lsp/buffer.ex:87: anonymous fn/3 in GenLSP.Buffer.handle_cast/2
    (telemetry 1.2.1) /Users/runner/work/next-ls/next-ls/deps/telemetry/src/telemetry.erl:321: :telemetry.span/3
    (gen_lsp 0.8.1) lib/gen_lsp/buffer.ex:85: GenLSP.Buffer.handle_cast/2
    (stdlib 5.2) gen_server.erl:1121: :gen_server.try_handle_cast/3
    (stdlib 5.2) gen_server.erl:1183: :gen_server.handle_msg/6
    (stdlib 5.2) proc_lib.erl:241: :proc_lib.init_p_do_apply/3
Last message: {:"$gen_cast", {:incoming, "Content-Length: 1467\r\n\r\n{\"jsonrpc\":\"2.0\",\"method\":\"textDocument/didOpen\",\"params\":{\"textDocument\":{\"uri\":\"file:///c%3A/Users/user/Desktop/church_site/lib/church_site_web/components/sticky_menu.ex\",\"languageId\":\"elixir\",\"version\":1,\"text\":\"defmodule ChurchSiteWeb.Components.StickyMenu do\\r\\n  use Phoenix.Component\\r\\n\\r\\n  def sticky_menu(assigns) do\\r\\n    ~H\\\"\\\"\\\"\\r\\n    <div id=\\\"sticky-menu\\\" style=\\\"display: none; position: fixed; top: 0; left: 0; right: 0; background: #1B3F8F; z-index: 1000;\\\">\\r\\n      <div style=\\\"display: flex; justify-content: space-between; padding: 1rem;\\\">\\r\\n        <div style=\\\"color: white;\\\">Church Name</div>\\r\\n        <nav>\\r\\n          <ul style=\\\"display: flex; gap: 1rem; list-style: none; margi"}}
State: %{lsp: #PID<0.271.0>, awaiting_response: %{}, comm_data: nil, comm: GenLSP.Communication.Stdio}

03:56:07.060 [info] Loading 57 CA(s) from :otp store

03:56:10.469 id=0 [debug] handled request client -> server initialize in 2571ms

03:56:10.552 [debug] sent notification server -> client window/logMessage

03:56:10.716 id=130 [debug] sent request server -> client client/registerCapability

03:56:10.716 [debug] sent notification server -> client window/logMessage

03:56:10.717 [info] [extension] Credo initializing with options %NextLS.InitOpts.Extensions.Credo{enable: true, cli_options: []}

03:56:11.132 [debug] sent notification server -> client window/logMessage

03:56:11.197 id=200 [debug] sent request server -> client window/workDoneProgress/create

03:56:11.283 [debug] sent notification server -> client $/progress

03:56:12.129 [debug] sent notification server -> client window/logMessage

03:56:12.129 [info] Beginning DB migration...

03:56:12.299 [debug] sent notification server -> client window/logMessage

03:56:12.300 [info] Database is on the latest version: 5

03:56:12.300 [debug] sent notification server -> client window/logMessage

03:56:12.300 [info] Finished DB migration...

03:56:12.376 [debug] sent notification server -> client window/logMessage

03:56:12.376 [error] LSP Exited.

Last message received: handle_notification %{"jsonrpc" => "2.0", "method" => "initialized", "params" => %{}}

** (MatchError) no match of right hand side value: {:error, {:shutdown, {:failed_to_start_child, NextLS.Runtime, {:badarg, [{NextLS.Runtime, :init, 1, [file: ~c"lib/next_ls/runtime.ex", line: 119, error_info: %{cause: {1, :binary, :type, nil}, function: :format_bs_fail, module: :erl_erts_errors}]}, {:gen_server, :init_it, 2, [file: ~c"gen_server.erl", line: 980]}, {:gen_server, :init_it, 6, [file: ~c"gen_server.erl", line: 935]}, {:proc_lib, :init_p_do_apply, 3, [file: ~c"proc_lib.erl", line: 241]}]}}}}
    (next_ls 0.19.2) lib/next_ls.ex:753: anonymous fn/4 in NextLS.handle_notification/2
    (elixir 1.17.0-dev) lib/enum.ex:2527: Enum."-reduce/3-lists^foldl/2-0-"/3
    (next_ls 0.19.2) lib/next_ls.ex:748: NextLS.handle_notification/2
    (gen_lsp 0.8.1) lib/gen_lsp.ex:341: anonymous fn/2 in GenLSP.loop/3
    (telemetry 1.2.1) /Users/runner/work/next-ls/next-ls/deps/telemetry/src/telemetry.erl:321: :telemetry.span/3
    (gen_lsp 0.8.1) lib/gen_lsp.ex:340: anonymous fn/5 in GenLSP.loop/3
    (gen_lsp 0.8.1) lib/gen_lsp.ex:397: GenLSP.attempt/4
    (stdlib 5.2) proc_lib.erl:241: :proc_lib.init_p_do_apply/3




03:56:12.377 [debug] sent notification server -> client window/logMessage

03:56:12.377 [error] LSP Exited.

Last message received: handle_request %{"id" => 0, "jsonrpc" => "2.0", "method" => "initialize", "params" => %{"capabilities" => %{"general" => %{"markdown" => %{"parser" => "marked", "version" => "1.1.0"}, "positionEncodings" => ["utf-16"], "regularExpressions" => %{"engine" => "ECMAScript", "version" => "ES2020"}, "staleRequestSupport" => %{"cancel" => true, "retryOnContentModified" => ["textDocument/semanticTokens/full", "textDocument/semanticTokens/range", "textDocument/semanticTokens/full/delta"]}}, "notebookDocument" => %{"synchronization" => %{"dynamicRegistration" => true, "executionSummarySupport" => true}}, "textDocument" => %{"callHierarchy" => %{"dynamicRegistration" => true}, "codeAction" => %{"codeActionLiteralSupport" => %{"codeActionKind" => %{"valueSet" => ["", "quickfix", "refactor", "refactor.extract", "refactor.inline", "refactor.rewrite", "source", "source.organizeImports"]}}, "dataSupport" => true, "disabledSupport" => true, "dynamicRegistration" => true, "honorsChangeAnnotations" => true, "isPreferredSupport" => true, "resolveSupport" => %{"properties" => ["edit"]}}, "codeLens" => %{"dynamicRegistration" => true}, "colorProvider" => %{"dynamicRegistration" => true}, "completion" => %{"completionItem" => %{"commitCharactersSupport" => true, "deprecatedSupport" => true, "documentationFormat" => ["markdown", "plaintext"], "insertReplaceSupport" => true, "insertTextModeSupport" => %{"valueSet" => [1, 2]}, "labelDetailsSupport" => true, "preselectSupport" => true, "resolveSupport" => %{"properties" => ["documentation", "detail", "additionalTextEdits"]}, "snippetSupport" => true, "tagSupport" => %{"valueSet" => [1]}}, "completionItemKind" => %{"valueSet" => [1, 2, 3, 4, 5, 6, 7, 8, 9, 10, 11, 12, 13, 14, 15, 16, 17, 18, 19, 20, 21, 22, 23, 24, 25]}, "completionList" => %{"itemDefaults" => ["commitCharacters", "editRange", "insertTextFormat", "insertTextMode", "data"]}, "contextSupport" => true, "dynamicRegistration" => true, "insertTextMode" => 2}, "declaration" => %{"dynamicRegistration" => true, "linkSupport" => true}, "definition" => %{"dynamicRegistration" => true, "linkSupport" => true}, "diagnostic" => %{"dynamicRegistration" => true, "relatedDocumentSupport" => false}, "documentHighlight" => %{"dynamicRegistration" => true}, "documentLink" => %{"dynamicRegistration" => true, "tooltipSupport" => true}, "documentSymbol" => %{"dynamicRegistration" => true, "hierarchicalDocumentSymbolSupport" => true, "labelSupport" => true, "symbolKind" => %{"valueSet" => [1, 2, 3, 4, 5, 6, 7, 8, 9, 10, 11, 12, 13, 14, 15, 16, 17, 18, 19, 20, 21, 22, 23, 24, 25, 26]}, "tagSupport" => %{"valueSet" => [1]}}, "foldingRange" => %{"dynamicRegistration" => true, "foldingRange" => %{"collapsedText" => false}, "foldingRangeKind" => %{"valueSet" => ["comment", "imports", "region"]}, "lineFoldingOnly" => true, "rangeLimit" => 5000}, "formatting" => %{"dynamicRegistration" => true}, "hover" => %{"contentFormat" => ["markdown", "plaintext"], "dynamicRegistration" => true}, "implementation" => %{"dynamicRegistration" => true, "linkSupport" => true}, "inlayHint" => %{"dynamicRegistration" => true, "resolveSupport" => %{"properties" => ["tooltip", "textEdits", "label.tooltip", "label.location", "label.command"]}}, "inlineValue" => %{"dynamicRegistration" => true}, "linkedEditingRange" => %{"dynamicRegistration" => true}, "onTypeFormatting" => %{"dynamicRegistration" => true}, "publishDiagnostics" => %{"codeDescriptionSupport" => true, "dataSupport" => true, "relatedInformation" => true, "tagSupport" => %{"valueSet" => [1, 2]}, "versionSupport" => false}, "rangeFormatting" => %{"dynamicRegistration" => true, "rangesSupport" => true}, "references" => %{"dynamicRegistration" => true}, "rename" => %{"dynamicRegistration" => true, "honorsChangeAnnotations" => true, "prepareSupport" => true, "prepareSupportDefaultBehavior" => 1}, "selectionRange" => %{"dynamicRegistration" => true}, "semanticTokens" => %{"augmentsSyntaxTokens" => true, "dynamicRegistration" => true, "formats" => ["relative"], "multilineTokenSupport" => false, "overlappingTokenSupport" => false, "requests" => %{"full" => %{"delta" => true}, "range" => true}, "serverCancelSupport" => true, "tokenModifiers" => ["declaration", "definition", "readonly", "static", "deprecated", "abstract", "async", "modification", "documentation", ...], "tokenTypes" => ["namespace", "type", "class", "enum", "interface", "struct", "typeParameter", "parameter", ...]}, "signatureHelp" => %{"contextSupport" => true, "dynamicRegistration" => true, "signatureInformation" => %{"activeParameterSupport" => true, "documentationFormat" => ["markdown", "plaintext"], "parameterInformation" => %{"labelOffsetSupport" => true}}}, "synchronization" => %{"didSave" => true, "dynamicRegistration" => true, "willSave" => true, "willSaveWaitUntil" => true}, "typeDefinition" => %{"dynamicRegistration" => true, "linkSupport" => true}, "typeHierarchy" => %{"dynamicRegistration" => true}}, "window" => %{"showDocument" => %{"support" => true}, "showMessage" => %{"messageActionItem" => %{"additionalPropertiesSupport" => true}}, "workDoneProgress" => true}, "workspace" => %{"applyEdit" => true, "codeLens" => %{"refreshSupport" => true}, "configuration" => true, "diagnostics" => %{"refreshSupport" => true}, "didChangeConfiguration" => %{"dynamicRegistration" => true}, "didChangeWatchedFiles" => %{"dynamicRegistration" => true, "relativePatternSupport" => true}, "executeCommand" => %{"dynamicRegistration" => true}, "fileOperations" => %{"didCreate" => true, "didDelete" => true, "didRename" => true, "dynamicRegistration" => true, "willCreate" => true, "willDelete" => true, "willRename" => true}, "foldingRange" => %{"refreshSupport" => true}, "inlayHint" => %{"refreshSupport" => true}, "inlineValue" => %{"refreshSupport" => true}, "semanticTokens" => %{"refreshSupport" => true}, "symbol" => %{"dynamicRegistration" => true, "resolveSupport" => %{"properties" => ["location.range"]}, "symbolKind" => %{"valueSet" => [1, 2, 3, 4, 5, 6, 7, 8, 9, 10, 11, 12, 13, 14, 15, 16, 17, 18, 19, 20, 21, 22, 23, ...]}, "tagSupport" => %{"valueSet" => [1]}}, "workspaceEdit" => %{"changeAnnotationSupport" => %{"groupsOnLabel" => true}, "documentChanges" => true, "failureHandling" => "textOnlyTransactional", "normalizesLineEndings" => true, "resourceOperations" => ["create", "rename", "delete"]}, "workspaceFolders" => true}}, "clientInfo" => %{"name" => "Cursor", "version" => "1.93.1"}, "initializationOptions" => %{"experimental" => %{"completions" => %{"enable" => false}}, "extensions" => %{"credo" => %{"cli_options" => [], "enable" => true}}, "mix_env" => "dev", "mix_target" => "host"}, "locale" => "en", "processId" => 21580, "rootPath" => "c:\\Users\\user\\Desktop\\church_site", "rootUri" => "file:///c%3A/Users/user/Desktop/church_site", "trace" => "off", "workspaceFolders" => [%{"name" => "church_site", "uri" => "file:///c%3A/Users/user/Desktop/church_site"}]}}

** (MatchError) no match of right hand side value: {:error, {:shutdown, {:failed_to_start_child, NextLS.Runtime, {:badarg, [{NextLS.Runtime, :init, 1, [file: ~c"lib/next_ls/runtime.ex", line: 119, error_info: %{cause: {1, :binary, :type, nil}, function: :format_bs_fail, module: :erl_erts_errors}]}, {:gen_server, :init_it, 2, [file: ~c"gen_server.erl", line: 980]}, {:gen_server, :init_it, 6, [file: ~c"gen_server.erl", line: 935]}, {:proc_lib, :init_p_do_apply, 3, [file: ~c"proc_lib.erl", line: 241]}]}}}}
    (next_ls 0.19.2) lib/next_ls.ex:753: anonymous fn/4 in NextLS.handle_notification/2
    (elixir 1.17.0-dev) lib/enum.ex:2527: Enum."-reduce/3-lists^foldl/2-0-"/3
    (next_ls 0.19.2) lib/next_ls.ex:748: NextLS.handle_notification/2
    (gen_lsp 0.8.1) lib/gen_lsp.ex:341: anonymous fn/2 in GenLSP.loop/3
    (telemetry 1.2.1) /Users/runner/work/next-ls/next-ls/deps/telemetry/src/telemetry.erl:321: :telemetry.span/3
    (gen_lsp 0.8.1) lib/gen_lsp.ex:340: anonymous fn/5 in GenLSP.loop/3
    (gen_lsp 0.8.1) lib/gen_lsp.ex:397: GenLSP.attempt/4
    (stdlib 5.2) proc_lib.erl:241: :proc_lib.init_p_ (truncated)

03:56:13.654 [debug] sent notification server -> client window/showMessage

03:56:13.696 [debug] sent notification server -> client window/logMessage

03:56:13.696 [info] Downloaded 0.23.3 of Next LS

14:09:06.392 [error] GenServer NextLS.Buffer terminating
** (Jason.DecodeError) unexpected byte at position 192: 0x43 ("C")
    (jason 1.4.1) lib/jason.ex:92: Jason.decode!/2
    (gen_lsp 0.8.1) lib/gen_lsp/buffer.ex:87: anonymous fn/3 in GenLSP.Buffer.handle_cast/2
    (telemetry 1.2.1) /Users/runner/work/next-ls/next-ls/deps/telemetry/src/telemetry.erl:321: :telemetry.span/3
    (gen_lsp 0.8.1) lib/gen_lsp/buffer.ex:85: GenLSP.Buffer.handle_cast/2
    (stdlib 5.2) gen_server.erl:1121: :gen_server.try_handle_cast/3
    (stdlib 5.2) gen_server.erl:1183: :gen_server.handle_msg/6
    (stdlib 5.2) proc_lib.erl:241: :proc_lib.init_p_do_apply/3
Last message: {:"$gen_cast", {:incoming, "\r\n{\"jsonrpc\":\"2.0\",\"method\":\"textDocument/didClose\",\"params\":{\"textDocument\":{\"uri\":\"file:///c%3A/Users/user/Desktop/church_site/lib/church_site_web/controllers/admin/session_controller.ex\"}}}Content-Length: 970\r\n\r\n{\"jsonrpc\":\"2.0\",\"method\":\"textDocument/didOpen\",\"params\":{\"textDocument\":{\"uri\":\"file:///c%3A/Users/user/Desktop/church_site/lib/church_site_web/plugs/admin_auth.ex\",\"languageId\":\"elixir\",\"version\":1,\"text\":\"defmodule ChurchSiteWeb.Plugs.AdminAuth do\\r\\n  import Plug.Conn\\r\\n  import Phoenix.Controller\\r\\n\\r\\n  alias ChurchSite.Accounts.Admin\\r\\n  alias ChurchSite.Repo\\r\\n\\r\\n  def init(opts), do: opts\\r\\n\\r\\n  def call(conn, _opts) do\\r\\n    if admin_id = get_session(conn, :admin_id) do\\r\\n      case Repo.get(Admin, admin_id) do\\r\\n        %Admin{} = admin ->\\r\\n          assign(conn, :current_admin, admin)\\r\\n        nil ->\\r\\n          logout_admin(conn)\\r\\n      end\\r\\n    else\\r\\n      logout_admin(conn)\\r\\n    end\\r\\n  end\\r\\n\\r\\n  defp logout_admin(conn) do\\r\\n    conn\\r\\n    |> delete_session(:admin_id)\\r\\n    |> put_flash(:error, \\\"Please log in to access this page\\\")\\r\\n    |> redirect(to: \\\"/777/login\\\")\\r\\n    |> halt()\\r\\n  end\\r\\nend\\r\\n\"}}}Content-Length: 170\r\n\r\n{\"jsonrpc\":\"2.0\",\"method\":\"textDocument/didClose\",\"params\":{\"textDocument\":{\"uri\":\"file:///c%3A/Users/user/Desktop/church_site/lib/church_site_web/plugs/admin_auth.ex\"}}}{\"jsonrpc\":\"2.0\",\"method\":\"textDocument/didOpen\",\"params\":{\"textDocument\":{\"uri\":\"file:///c%3A/Users/user/Desktop/church_site/lib/church_site_web/components/sticky_menu.ex\",\"languageId\":\"elixir\",\"version\":1,\"text\":\"defmodule ChurchSiteWeb.Components.StickyMenu do\\r\\n  use Phoenix.Component\\r\\n\\r\\n  def sticky_menu(assigns) do\\r\\n    ~H\\\"\\\"\\\"\\r\\n    <div id=\\\"sticky-menu\\\" style=\\\"display: none; position: fixed; top: 0; left: 0; right: 0; background: #1B3F8F; z-index: 1000;\\\">\\r\\n      <div style=\\\"display: flex; justify-content: space-between; padding: 1rem;\\\">\\r\\n        <div style=\\\"color: white;\\\">Church Name</div>\\r\\n        <nav>\\r\\n          <ul style=\\\"display: flex; gap: 1rem; list-style: none; margin: 0; padding: 0;\\\">\\r\\n            <li><a href=\\\"/\\\" style=\\\"color: white; text-decoration: none;\\\">HOME</a></li>\\r\\n            <li><a href=\\\"/about\\\" style=\\\"color: white; text-decoration: none;\\\">ABOUT</a></li>\\r\\n            <li><a href=\\\"/contact\\\" style=\\\"color: white; text-decoration: none;\\\">CONTA{\"jsonrpc\":\"2.0\",\"method\":\"textDocument/didOpen\",\"params\":{\"textDocument\":{\"uri\":\"file:///c%3A/Users/user/Desktop/church_site/lib/church_site_web/plugs/admin_auth.ex\",\"languageId\":\"elixir\",\"version\":1,\"text\":\"defmodule ChurchSiteWeb.Plugs.AdminAuth do\\r\\n  import Plug.Conn\\r\\n  import Phoenix.Controller\\r\\n\\r\\n  alias ChurchSite.Accounts.Admin\\r\\n  alias ChurchSite.Repo\\r\\n\\r\\n  def init(opts), do: opts\\r\\n\\r\\n  def call(conn, _opts) do\\r\\n    if admin_id = get_session(conn, :admin_id) do\\r\\n      case Repo.get(Admin, admin_id) do\\r\\n        %Admin{} = admin ->\\r\\n          assign(conn, :current_admin, admin)\\r\\n        nil ->\\r\\n          logout_admin(conn)\\r\\n      end\\r\\n    else\\r\\n      logout_admin(conn)\\r\\n    end\\r\\n  end\\r\\n\\r\\n  defp logout_admin(conn) do\\r\\n    conn\\r\\n    |> delete_session(:admin_id)\\r\\n    |> put_flash(:error, \\\"Please log in to access this page\\\")\\r\\n    |> redirect(to: \\\"/777/login\\\")\\r\\n    |> halt()\\r\\n  end\\r\\nend\\r\\n\"}}}{\"jsonrpc\":\"2.0\",\"method\":\"textDocument/didClose\",\"params\":{\"textDocument\":{\"uri\":\"file:///c%3A/Users/user/Desktop/church_site/lib/church_site_web/components/sticky_menu.ex\"}}}{\"jsonrpc\":\"2.0\",\"method\":\"textDocument/didOpen\",\"params\":{\"textDocument\":{\"uri\":\"file:///c%3A/Users/user/Desktop/church_site/lib/church_site_web/components/layouts.ex\",\"languageId\":\"elixir\",\"version\":1,\"text\":\"defmodule ChurchSiteWeb.Layouts do\\n  @moduledoc \\\"\\\"\\\"\\n  This module holds different layouts used by your application.\\n\\n  See the `layouts` directory for all templates available.\\n  The \\\"root\\\" layout is a skeleton rendered as part of the\\n  application router. The \\\"app\\\" layout is set as the default\\n  layout on both `use Church" <> ...}}
State: %{lsp: #PID<0.271.0>, awaiting_response: %{}, comm_data: nil, comm: GenLSP.Communication.Stdio}

12:53:05.293 [info] Loading 57 CA(s) from :otp store

02:14:57.360 [info] Loading 57 CA(s) from :otp store
